<?xml version="1.0" encoding="UTF-8"?>
<testsuite xmlns:xsi="http://www.w3.org/2001/XMLSchema-instance" xsi:noNamespaceSchemaLocation="https://maven.apache.org/surefire/maven-surefire-plugin/xsd/surefire-test-report.xsd" name="com.tgroup.PdsuElectricityApplicationTests" time="4.362" tests="33" errors="0" skipped="0" failures="0">
  <properties>
    <property name="sun.desktop" value="gnome"/>
    <property name="awt.toolkit" value="sun.awt.X11.XToolkit"/>
    <property name="file.encoding.pkg" value="sun.io"/>
    <property name="java.specification.version" value="1.8"/>
    <property name="sun.cpu.isalist" value=""/>
    <property name="sun.jnu.encoding" value="UTF-8"/>
    <property name="java.class.path" value="/home/yqf/IdeaProjects/pdsu_electricity/target/test-classes:/home/yqf/IdeaProjects/pdsu_electricity/target/classes:/home/yqf/.m2/repository/org/springframework/boot/spring-boot-starter-validation/2.2.6.RELEASE/spring-boot-starter-validation-2.2.6.RELEASE.jar:/home/yqf/.m2/repository/org/springframework/boot/spring-boot-starter/2.3.0.RELEASE/spring-boot-starter-2.3.0.RELEASE.jar:/home/yqf/.m2/repository/org/springframework/boot/spring-boot-starter-logging/2.3.0.RELEASE/spring-boot-starter-logging-2.3.0.RELEASE.jar:/home/yqf/.m2/repository/ch/qos/logback/logback-classic/1.2.3/logback-classic-1.2.3.jar:/home/yqf/.m2/repository/ch/qos/logback/logback-core/1.2.3/logback-core-1.2.3.jar:/home/yqf/.m2/repository/org/apache/logging/log4j/log4j-to-slf4j/2.13.2/log4j-to-slf4j-2.13.2.jar:/home/yqf/.m2/repository/org/apache/logging/log4j/log4j-api/2.13.2/log4j-api-2.13.2.jar:/home/yqf/.m2/repository/org/slf4j/jul-to-slf4j/1.7.30/jul-to-slf4j-1.7.30.jar:/home/yqf/.m2/repository/jakarta/annotation/jakarta.annotation-api/1.3.5/jakarta.annotation-api-1.3.5.jar:/home/yqf/.m2/repository/org/yaml/snakeyaml/1.26/snakeyaml-1.26.jar:/home/yqf/.m2/repository/jakarta/validation/jakarta.validation-api/2.0.2/jakarta.validation-api-2.0.2.jar:/home/yqf/.m2/repository/org/apache/tomcat/embed/tomcat-embed-el/9.0.35/tomcat-embed-el-9.0.35.jar:/home/yqf/.m2/repository/org/hibernate/validator/hibernate-validator/6.1.5.Final/hibernate-validator-6.1.5.Final.jar:/home/yqf/.m2/repository/org/jboss/logging/jboss-logging/3.4.1.Final/jboss-logging-3.4.1.Final.jar:/home/yqf/.m2/repository/com/fasterxml/classmate/1.5.1/classmate-1.5.1.jar:/home/yqf/.m2/repository/com/alibaba/fastjson/1.2.7/fastjson-1.2.7.jar:/home/yqf/.m2/repository/org/springframework/boot/spring-boot-starter-web/2.3.0.RELEASE/spring-boot-starter-web-2.3.0.RELEASE.jar:/home/yqf/.m2/repository/org/springframework/boot/spring-boot-starter-json/2.3.0.RELEASE/spring-boot-starter-json-2.3.0.RELEASE.jar:/home/yqf/.m2/repository/com/fasterxml/jackson/datatype/jackson-datatype-jdk8/2.11.0/jackson-datatype-jdk8-2.11.0.jar:/home/yqf/.m2/repository/com/fasterxml/jackson/datatype/jackson-datatype-jsr310/2.11.0/jackson-datatype-jsr310-2.11.0.jar:/home/yqf/.m2/repository/com/fasterxml/jackson/module/jackson-module-parameter-names/2.11.0/jackson-module-parameter-names-2.11.0.jar:/home/yqf/.m2/repository/org/springframework/boot/spring-boot-starter-tomcat/2.3.0.RELEASE/spring-boot-starter-tomcat-2.3.0.RELEASE.jar:/home/yqf/.m2/repository/org/apache/tomcat/embed/tomcat-embed-core/9.0.35/tomcat-embed-core-9.0.35.jar:/home/yqf/.m2/repository/org/glassfish/jakarta.el/3.0.3/jakarta.el-3.0.3.jar:/home/yqf/.m2/repository/org/apache/tomcat/embed/tomcat-embed-websocket/9.0.35/tomcat-embed-websocket-9.0.35.jar:/home/yqf/.m2/repository/org/springframework/spring-web/5.2.6.RELEASE/spring-web-5.2.6.RELEASE.jar:/home/yqf/.m2/repository/org/springframework/spring-beans/5.2.6.RELEASE/spring-beans-5.2.6.RELEASE.jar:/home/yqf/.m2/repository/org/springframework/spring-webmvc/5.2.6.RELEASE/spring-webmvc-5.2.6.RELEASE.jar:/home/yqf/.m2/repository/org/springframework/spring-aop/5.2.6.RELEASE/spring-aop-5.2.6.RELEASE.jar:/home/yqf/.m2/repository/org/springframework/spring-context/5.2.6.RELEASE/spring-context-5.2.6.RELEASE.jar:/home/yqf/.m2/repository/org/springframework/spring-expression/5.2.6.RELEASE/spring-expression-5.2.6.RELEASE.jar:/home/yqf/.m2/repository/org/mybatis/spring/boot/mybatis-spring-boot-starter/2.1.2/mybatis-spring-boot-starter-2.1.2.jar:/home/yqf/.m2/repository/org/springframework/boot/spring-boot-starter-jdbc/2.3.0.RELEASE/spring-boot-starter-jdbc-2.3.0.RELEASE.jar:/home/yqf/.m2/repository/com/zaxxer/HikariCP/3.4.5/HikariCP-3.4.5.jar:/home/yqf/.m2/repository/org/springframework/spring-jdbc/5.2.6.RELEASE/spring-jdbc-5.2.6.RELEASE.jar:/home/yqf/.m2/repository/org/springframework/spring-tx/5.2.6.RELEASE/spring-tx-5.2.6.RELEASE.jar:/home/yqf/.m2/repository/org/mybatis/spring/boot/mybatis-spring-boot-autoconfigure/2.1.2/mybatis-spring-boot-autoconfigure-2.1.2.jar:/home/yqf/.m2/repository/org/mybatis/mybatis/3.5.4/mybatis-3.5.4.jar:/home/yqf/.m2/repository/org/mybatis/mybatis-spring/2.0.4/mybatis-spring-2.0.4.jar:/home/yqf/.m2/repository/org/springframework/session/spring-session-core/2.3.0.RELEASE/spring-session-core-2.3.0.RELEASE.jar:/home/yqf/.m2/repository/org/springframework/spring-jcl/5.2.6.RELEASE/spring-jcl-5.2.6.RELEASE.jar:/home/yqf/.m2/repository/com/auth0/java-jwt/3.9.0/java-jwt-3.9.0.jar:/home/yqf/.m2/repository/com/fasterxml/jackson/core/jackson-databind/2.11.0/jackson-databind-2.11.0.jar:/home/yqf/.m2/repository/com/fasterxml/jackson/core/jackson-annotations/2.11.0/jackson-annotations-2.11.0.jar:/home/yqf/.m2/repository/com/fasterxml/jackson/core/jackson-core/2.11.0/jackson-core-2.11.0.jar:/home/yqf/.m2/repository/commons-codec/commons-codec/1.14/commons-codec-1.14.jar:/home/yqf/.m2/repository/org/springframework/boot/spring-boot-devtools/2.3.0.RELEASE/spring-boot-devtools-2.3.0.RELEASE.jar:/home/yqf/.m2/repository/org/springframework/boot/spring-boot/2.3.0.RELEASE/spring-boot-2.3.0.RELEASE.jar:/home/yqf/.m2/repository/org/springframework/boot/spring-boot-autoconfigure/2.3.0.RELEASE/spring-boot-autoconfigure-2.3.0.RELEASE.jar:/home/yqf/.m2/repository/mysql/mysql-connector-java/8.0.20/mysql-connector-java-8.0.20.jar:/home/yqf/.m2/repository/org/projectlombok/lombok/1.18.12/lombok-1.18.12.jar:/home/yqf/.m2/repository/org/springframework/boot/spring-boot-configuration-processor/2.3.0.RELEASE/spring-boot-configuration-processor-2.3.0.RELEASE.jar:/home/yqf/.m2/repository/org/springframework/boot/spring-boot-starter-thymeleaf/2.3.0.RELEASE/spring-boot-starter-thymeleaf-2.3.0.RELEASE.jar:/home/yqf/.m2/repository/org/thymeleaf/thymeleaf-spring5/3.0.11.RELEASE/thymeleaf-spring5-3.0.11.RELEASE.jar:/home/yqf/.m2/repository/org/thymeleaf/thymeleaf/3.0.11.RELEASE/thymeleaf-3.0.11.RELEASE.jar:/home/yqf/.m2/repository/org/attoparser/attoparser/2.0.5.RELEASE/attoparser-2.0.5.RELEASE.jar:/home/yqf/.m2/repository/org/unbescape/unbescape/1.1.6.RELEASE/unbescape-1.1.6.RELEASE.jar:/home/yqf/.m2/repository/org/thymeleaf/extras/thymeleaf-extras-java8time/3.0.4.RELEASE/thymeleaf-extras-java8time-3.0.4.RELEASE.jar:/home/yqf/.m2/repository/com/alibaba/easyexcel/2.0.5/easyexcel-2.0.5.jar:/home/yqf/.m2/repository/org/apache/poi/poi/3.17/poi-3.17.jar:/home/yqf/.m2/repository/org/apache/commons/commons-collections4/4.1/commons-collections4-4.1.jar:/home/yqf/.m2/repository/org/apache/poi/poi-ooxml/3.17/poi-ooxml-3.17.jar:/home/yqf/.m2/repository/org/apache/poi/poi-ooxml-schemas/3.17/poi-ooxml-schemas-3.17.jar:/home/yqf/.m2/repository/org/apache/xmlbeans/xmlbeans/2.6.0/xmlbeans-2.6.0.jar:/home/yqf/.m2/repository/stax/stax-api/1.0.1/stax-api-1.0.1.jar:/home/yqf/.m2/repository/com/github/virtuald/curvesapi/1.04/curvesapi-1.04.jar:/home/yqf/.m2/repository/cglib/cglib/3.1/cglib-3.1.jar:/home/yqf/.m2/repository/org/ow2/asm/asm/4.2/asm-4.2.jar:/home/yqf/.m2/repository/org/slf4j/slf4j-api/1.7.30/slf4j-api-1.7.30.jar:/home/yqf/.m2/repository/org/ehcache/ehcache/3.8.1/ehcache-3.8.1.jar:/home/yqf/.m2/repository/org/glassfish/jaxb/jaxb-runtime/2.3.3/jaxb-runtime-2.3.3.jar:/home/yqf/.m2/repository/org/glassfish/jaxb/txw2/2.3.3/txw2-2.3.3.jar:/home/yqf/.m2/repository/com/sun/istack/istack-commons-runtime/3.0.11/istack-commons-runtime-3.0.11.jar:/home/yqf/.m2/repository/com/sun/activation/jakarta.activation/1.2.2/jakarta.activation-1.2.2.jar:/home/yqf/.m2/repository/com/alibaba/druid/1.1.20/druid-1.1.20.jar:/home/yqf/.m2/repository/org/springframework/boot/spring-boot-starter-test/2.3.0.RELEASE/spring-boot-starter-test-2.3.0.RELEASE.jar:/home/yqf/.m2/repository/org/springframework/boot/spring-boot-test/2.3.0.RELEASE/spring-boot-test-2.3.0.RELEASE.jar:/home/yqf/.m2/repository/org/springframework/boot/spring-boot-test-autoconfigure/2.3.0.RELEASE/spring-boot-test-autoconfigure-2.3.0.RELEASE.jar:/home/yqf/.m2/repository/com/jayway/jsonpath/json-path/2.4.0/json-path-2.4.0.jar:/home/yqf/.m2/repository/net/minidev/json-smart/2.3/json-smart-2.3.jar:/home/yqf/.m2/repository/net/minidev/accessors-smart/1.2/accessors-smart-1.2.jar:/home/yqf/.m2/repository/jakarta/xml/bind/jakarta.xml.bind-api/2.3.3/jakarta.xml.bind-api-2.3.3.jar:/home/yqf/.m2/repository/jakarta/activation/jakarta.activation-api/1.2.2/jakarta.activation-api-1.2.2.jar:/home/yqf/.m2/repository/org/assertj/assertj-core/3.16.1/assertj-core-3.16.1.jar:/home/yqf/.m2/repository/org/hamcrest/hamcrest/2.2/hamcrest-2.2.jar:/home/yqf/.m2/repository/org/junit/jupiter/junit-jupiter/5.6.2/junit-jupiter-5.6.2.jar:/home/yqf/.m2/repository/org/junit/jupiter/junit-jupiter-api/5.6.2/junit-jupiter-api-5.6.2.jar:/home/yqf/.m2/repository/org/apiguardian/apiguardian-api/1.1.0/apiguardian-api-1.1.0.jar:/home/yqf/.m2/repository/org/opentest4j/opentest4j/1.2.0/opentest4j-1.2.0.jar:/home/yqf/.m2/repository/org/junit/platform/junit-platform-commons/1.6.2/junit-platform-commons-1.6.2.jar:/home/yqf/.m2/repository/org/junit/jupiter/junit-jupiter-params/5.6.2/junit-jupiter-params-5.6.2.jar:/home/yqf/.m2/repository/org/junit/jupiter/junit-jupiter-engine/5.6.2/junit-jupiter-engine-5.6.2.jar:/home/yqf/.m2/repository/org/junit/platform/junit-platform-engine/1.6.2/junit-platform-engine-1.6.2.jar:/home/yqf/.m2/repository/org/mockito/mockito-core/3.3.3/mockito-core-3.3.3.jar:/home/yqf/.m2/repository/net/bytebuddy/byte-buddy/1.10.10/byte-buddy-1.10.10.jar:/home/yqf/.m2/repository/net/bytebuddy/byte-buddy-agent/1.10.10/byte-buddy-agent-1.10.10.jar:/home/yqf/.m2/repository/org/objenesis/objenesis/2.6/objenesis-2.6.jar:/home/yqf/.m2/repository/org/mockito/mockito-junit-jupiter/3.3.3/mockito-junit-jupiter-3.3.3.jar:/home/yqf/.m2/repository/org/skyscreamer/jsonassert/1.5.0/jsonassert-1.5.0.jar:/home/yqf/.m2/repository/com/vaadin/external/google/android-json/0.0.20131108.vaadin1/android-json-0.0.20131108.vaadin1.jar:/home/yqf/.m2/repository/org/springframework/spring-core/5.2.6.RELEASE/spring-core-5.2.6.RELEASE.jar:/home/yqf/.m2/repository/org/springframework/spring-test/5.2.6.RELEASE/spring-test-5.2.6.RELEASE.jar:/home/yqf/.m2/repository/org/xmlunit/xmlunit-core/2.7.0/xmlunit-core-2.7.0.jar:/home/yqf/.m2/repository/org/apache/poi/poi-examples/3.10.1/poi-examples-3.10.1.jar:/home/yqf/.m2/repository/org/apache/poi/poi-scratchpad/3.10.1/poi-scratchpad-3.10.1.jar:/home/yqf/.m2/repository/org/apache/poi/poi-excelant/3.10.1/poi-excelant-3.10.1.jar:/home/yqf/.m2/repository/org/apache/ant/ant/1.8.2/ant-1.8.2.jar:/home/yqf/.m2/repository/org/apache/ant/ant-launcher/1.8.2/ant-launcher-1.8.2.jar:/home/yqf/.m2/repository/dom4j/dom4j/1.6.1/dom4j-1.6.1.jar:/home/yqf/.m2/repository/xml-apis/xml-apis/1.0.b2/xml-apis-1.0.b2.jar:"/>
    <property name="java.vm.vendor" value="Oracle Corporation"/>
    <property name="sun.arch.data.model" value="64"/>
    <property name="java.vendor.url" value="http://java.oracle.com/"/>
    <property name="user.timezone" value=""/>
    <property name="java.vm.specification.version" value="1.8"/>
    <property name="os.name" value="Linux"/>
    <property name="user.country" value="CN"/>
    <property name="sun.java.launcher" value="SUN_STANDARD"/>
    <property name="sun.boot.library.path" value="/home/yqf/应用程序/jdk-8u241-linux-x64/jdk1.8.0_241/jre/lib/amd64"/>
    <property name="sun.java.command" value="/home/yqf/IdeaProjects/pdsu_electricity/target/surefire/surefirebooter5714822501419578150.jar /home/yqf/IdeaProjects/pdsu_electricity/target/surefire 2020-09-23T08-52-07_982-jvmRun1 surefire7601676872974642763tmp surefire_05752810666181711863tmp"/>
    <property name="surefire.test.class.path" value="/home/yqf/IdeaProjects/pdsu_electricity/target/test-classes:/home/yqf/IdeaProjects/pdsu_electricity/target/classes:/home/yqf/.m2/repository/org/springframework/boot/spring-boot-starter-validation/2.2.6.RELEASE/spring-boot-starter-validation-2.2.6.RELEASE.jar:/home/yqf/.m2/repository/org/springframework/boot/spring-boot-starter/2.3.0.RELEASE/spring-boot-starter-2.3.0.RELEASE.jar:/home/yqf/.m2/repository/org/springframework/boot/spring-boot-starter-logging/2.3.0.RELEASE/spring-boot-starter-logging-2.3.0.RELEASE.jar:/home/yqf/.m2/repository/ch/qos/logback/logback-classic/1.2.3/logback-classic-1.2.3.jar:/home/yqf/.m2/repository/ch/qos/logback/logback-core/1.2.3/logback-core-1.2.3.jar:/home/yqf/.m2/repository/org/apache/logging/log4j/log4j-to-slf4j/2.13.2/log4j-to-slf4j-2.13.2.jar:/home/yqf/.m2/repository/org/apache/logging/log4j/log4j-api/2.13.2/log4j-api-2.13.2.jar:/home/yqf/.m2/repository/org/slf4j/jul-to-slf4j/1.7.30/jul-to-slf4j-1.7.30.jar:/home/yqf/.m2/repository/jakarta/annotation/jakarta.annotation-api/1.3.5/jakarta.annotation-api-1.3.5.jar:/home/yqf/.m2/repository/org/yaml/snakeyaml/1.26/snakeyaml-1.26.jar:/home/yqf/.m2/repository/jakarta/validation/jakarta.validation-api/2.0.2/jakarta.validation-api-2.0.2.jar:/home/yqf/.m2/repository/org/apache/tomcat/embed/tomcat-embed-el/9.0.35/tomcat-embed-el-9.0.35.jar:/home/yqf/.m2/repository/org/hibernate/validator/hibernate-validator/6.1.5.Final/hibernate-validator-6.1.5.Final.jar:/home/yqf/.m2/repository/org/jboss/logging/jboss-logging/3.4.1.Final/jboss-logging-3.4.1.Final.jar:/home/yqf/.m2/repository/com/fasterxml/classmate/1.5.1/classmate-1.5.1.jar:/home/yqf/.m2/repository/com/alibaba/fastjson/1.2.7/fastjson-1.2.7.jar:/home/yqf/.m2/repository/org/springframework/boot/spring-boot-starter-web/2.3.0.RELEASE/spring-boot-starter-web-2.3.0.RELEASE.jar:/home/yqf/.m2/repository/org/springframework/boot/spring-boot-starter-json/2.3.0.RELEASE/spring-boot-starter-json-2.3.0.RELEASE.jar:/home/yqf/.m2/repository/com/fasterxml/jackson/datatype/jackson-datatype-jdk8/2.11.0/jackson-datatype-jdk8-2.11.0.jar:/home/yqf/.m2/repository/com/fasterxml/jackson/datatype/jackson-datatype-jsr310/2.11.0/jackson-datatype-jsr310-2.11.0.jar:/home/yqf/.m2/repository/com/fasterxml/jackson/module/jackson-module-parameter-names/2.11.0/jackson-module-parameter-names-2.11.0.jar:/home/yqf/.m2/repository/org/springframework/boot/spring-boot-starter-tomcat/2.3.0.RELEASE/spring-boot-starter-tomcat-2.3.0.RELEASE.jar:/home/yqf/.m2/repository/org/apache/tomcat/embed/tomcat-embed-core/9.0.35/tomcat-embed-core-9.0.35.jar:/home/yqf/.m2/repository/org/glassfish/jakarta.el/3.0.3/jakarta.el-3.0.3.jar:/home/yqf/.m2/repository/org/apache/tomcat/embed/tomcat-embed-websocket/9.0.35/tomcat-embed-websocket-9.0.35.jar:/home/yqf/.m2/repository/org/springframework/spring-web/5.2.6.RELEASE/spring-web-5.2.6.RELEASE.jar:/home/yqf/.m2/repository/org/springframework/spring-beans/5.2.6.RELEASE/spring-beans-5.2.6.RELEASE.jar:/home/yqf/.m2/repository/org/springframework/spring-webmvc/5.2.6.RELEASE/spring-webmvc-5.2.6.RELEASE.jar:/home/yqf/.m2/repository/org/springframework/spring-aop/5.2.6.RELEASE/spring-aop-5.2.6.RELEASE.jar:/home/yqf/.m2/repository/org/springframework/spring-context/5.2.6.RELEASE/spring-context-5.2.6.RELEASE.jar:/home/yqf/.m2/repository/org/springframework/spring-expression/5.2.6.RELEASE/spring-expression-5.2.6.RELEASE.jar:/home/yqf/.m2/repository/org/mybatis/spring/boot/mybatis-spring-boot-starter/2.1.2/mybatis-spring-boot-starter-2.1.2.jar:/home/yqf/.m2/repository/org/springframework/boot/spring-boot-starter-jdbc/2.3.0.RELEASE/spring-boot-starter-jdbc-2.3.0.RELEASE.jar:/home/yqf/.m2/repository/com/zaxxer/HikariCP/3.4.5/HikariCP-3.4.5.jar:/home/yqf/.m2/repository/org/springframework/spring-jdbc/5.2.6.RELEASE/spring-jdbc-5.2.6.RELEASE.jar:/home/yqf/.m2/repository/org/springframework/spring-tx/5.2.6.RELEASE/spring-tx-5.2.6.RELEASE.jar:/home/yqf/.m2/repository/org/mybatis/spring/boot/mybatis-spring-boot-autoconfigure/2.1.2/mybatis-spring-boot-autoconfigure-2.1.2.jar:/home/yqf/.m2/repository/org/mybatis/mybatis/3.5.4/mybatis-3.5.4.jar:/home/yqf/.m2/repository/org/mybatis/mybatis-spring/2.0.4/mybatis-spring-2.0.4.jar:/home/yqf/.m2/repository/org/springframework/session/spring-session-core/2.3.0.RELEASE/spring-session-core-2.3.0.RELEASE.jar:/home/yqf/.m2/repository/org/springframework/spring-jcl/5.2.6.RELEASE/spring-jcl-5.2.6.RELEASE.jar:/home/yqf/.m2/repository/com/auth0/java-jwt/3.9.0/java-jwt-3.9.0.jar:/home/yqf/.m2/repository/com/fasterxml/jackson/core/jackson-databind/2.11.0/jackson-databind-2.11.0.jar:/home/yqf/.m2/repository/com/fasterxml/jackson/core/jackson-annotations/2.11.0/jackson-annotations-2.11.0.jar:/home/yqf/.m2/repository/com/fasterxml/jackson/core/jackson-core/2.11.0/jackson-core-2.11.0.jar:/home/yqf/.m2/repository/commons-codec/commons-codec/1.14/commons-codec-1.14.jar:/home/yqf/.m2/repository/org/springframework/boot/spring-boot-devtools/2.3.0.RELEASE/spring-boot-devtools-2.3.0.RELEASE.jar:/home/yqf/.m2/repository/org/springframework/boot/spring-boot/2.3.0.RELEASE/spring-boot-2.3.0.RELEASE.jar:/home/yqf/.m2/repository/org/springframework/boot/spring-boot-autoconfigure/2.3.0.RELEASE/spring-boot-autoconfigure-2.3.0.RELEASE.jar:/home/yqf/.m2/repository/mysql/mysql-connector-java/8.0.20/mysql-connector-java-8.0.20.jar:/home/yqf/.m2/repository/org/projectlombok/lombok/1.18.12/lombok-1.18.12.jar:/home/yqf/.m2/repository/org/springframework/boot/spring-boot-configuration-processor/2.3.0.RELEASE/spring-boot-configuration-processor-2.3.0.RELEASE.jar:/home/yqf/.m2/repository/org/springframework/boot/spring-boot-starter-thymeleaf/2.3.0.RELEASE/spring-boot-starter-thymeleaf-2.3.0.RELEASE.jar:/home/yqf/.m2/repository/org/thymeleaf/thymeleaf-spring5/3.0.11.RELEASE/thymeleaf-spring5-3.0.11.RELEASE.jar:/home/yqf/.m2/repository/org/thymeleaf/thymeleaf/3.0.11.RELEASE/thymeleaf-3.0.11.RELEASE.jar:/home/yqf/.m2/repository/org/attoparser/attoparser/2.0.5.RELEASE/attoparser-2.0.5.RELEASE.jar:/home/yqf/.m2/repository/org/unbescape/unbescape/1.1.6.RELEASE/unbescape-1.1.6.RELEASE.jar:/home/yqf/.m2/repository/org/thymeleaf/extras/thymeleaf-extras-java8time/3.0.4.RELEASE/thymeleaf-extras-java8time-3.0.4.RELEASE.jar:/home/yqf/.m2/repository/com/alibaba/easyexcel/2.0.5/easyexcel-2.0.5.jar:/home/yqf/.m2/repository/org/apache/poi/poi/3.17/poi-3.17.jar:/home/yqf/.m2/repository/org/apache/commons/commons-collections4/4.1/commons-collections4-4.1.jar:/home/yqf/.m2/repository/org/apache/poi/poi-ooxml/3.17/poi-ooxml-3.17.jar:/home/yqf/.m2/repository/org/apache/poi/poi-ooxml-schemas/3.17/poi-ooxml-schemas-3.17.jar:/home/yqf/.m2/repository/org/apache/xmlbeans/xmlbeans/2.6.0/xmlbeans-2.6.0.jar:/home/yqf/.m2/repository/stax/stax-api/1.0.1/stax-api-1.0.1.jar:/home/yqf/.m2/repository/com/github/virtuald/curvesapi/1.04/curvesapi-1.04.jar:/home/yqf/.m2/repository/cglib/cglib/3.1/cglib-3.1.jar:/home/yqf/.m2/repository/org/ow2/asm/asm/4.2/asm-4.2.jar:/home/yqf/.m2/repository/org/slf4j/slf4j-api/1.7.30/slf4j-api-1.7.30.jar:/home/yqf/.m2/repository/org/ehcache/ehcache/3.8.1/ehcache-3.8.1.jar:/home/yqf/.m2/repository/org/glassfish/jaxb/jaxb-runtime/2.3.3/jaxb-runtime-2.3.3.jar:/home/yqf/.m2/repository/org/glassfish/jaxb/txw2/2.3.3/txw2-2.3.3.jar:/home/yqf/.m2/repository/com/sun/istack/istack-commons-runtime/3.0.11/istack-commons-runtime-3.0.11.jar:/home/yqf/.m2/repository/com/sun/activation/jakarta.activation/1.2.2/jakarta.activation-1.2.2.jar:/home/yqf/.m2/repository/com/alibaba/druid/1.1.20/druid-1.1.20.jar:/home/yqf/.m2/repository/org/springframework/boot/spring-boot-starter-test/2.3.0.RELEASE/spring-boot-starter-test-2.3.0.RELEASE.jar:/home/yqf/.m2/repository/org/springframework/boot/spring-boot-test/2.3.0.RELEASE/spring-boot-test-2.3.0.RELEASE.jar:/home/yqf/.m2/repository/org/springframework/boot/spring-boot-test-autoconfigure/2.3.0.RELEASE/spring-boot-test-autoconfigure-2.3.0.RELEASE.jar:/home/yqf/.m2/repository/com/jayway/jsonpath/json-path/2.4.0/json-path-2.4.0.jar:/home/yqf/.m2/repository/net/minidev/json-smart/2.3/json-smart-2.3.jar:/home/yqf/.m2/repository/net/minidev/accessors-smart/1.2/accessors-smart-1.2.jar:/home/yqf/.m2/repository/jakarta/xml/bind/jakarta.xml.bind-api/2.3.3/jakarta.xml.bind-api-2.3.3.jar:/home/yqf/.m2/repository/jakarta/activation/jakarta.activation-api/1.2.2/jakarta.activation-api-1.2.2.jar:/home/yqf/.m2/repository/org/assertj/assertj-core/3.16.1/assertj-core-3.16.1.jar:/home/yqf/.m2/repository/org/hamcrest/hamcrest/2.2/hamcrest-2.2.jar:/home/yqf/.m2/repository/org/junit/jupiter/junit-jupiter/5.6.2/junit-jupiter-5.6.2.jar:/home/yqf/.m2/repository/org/junit/jupiter/junit-jupiter-api/5.6.2/junit-jupiter-api-5.6.2.jar:/home/yqf/.m2/repository/org/apiguardian/apiguardian-api/1.1.0/apiguardian-api-1.1.0.jar:/home/yqf/.m2/repository/org/opentest4j/opentest4j/1.2.0/opentest4j-1.2.0.jar:/home/yqf/.m2/repository/org/junit/platform/junit-platform-commons/1.6.2/junit-platform-commons-1.6.2.jar:/home/yqf/.m2/repository/org/junit/jupiter/junit-jupiter-params/5.6.2/junit-jupiter-params-5.6.2.jar:/home/yqf/.m2/repository/org/junit/jupiter/junit-jupiter-engine/5.6.2/junit-jupiter-engine-5.6.2.jar:/home/yqf/.m2/repository/org/junit/platform/junit-platform-engine/1.6.2/junit-platform-engine-1.6.2.jar:/home/yqf/.m2/repository/org/mockito/mockito-core/3.3.3/mockito-core-3.3.3.jar:/home/yqf/.m2/repository/net/bytebuddy/byte-buddy/1.10.10/byte-buddy-1.10.10.jar:/home/yqf/.m2/repository/net/bytebuddy/byte-buddy-agent/1.10.10/byte-buddy-agent-1.10.10.jar:/home/yqf/.m2/repository/org/objenesis/objenesis/2.6/objenesis-2.6.jar:/home/yqf/.m2/repository/org/mockito/mockito-junit-jupiter/3.3.3/mockito-junit-jupiter-3.3.3.jar:/home/yqf/.m2/repository/org/skyscreamer/jsonassert/1.5.0/jsonassert-1.5.0.jar:/home/yqf/.m2/repository/com/vaadin/external/google/android-json/0.0.20131108.vaadin1/android-json-0.0.20131108.vaadin1.jar:/home/yqf/.m2/repository/org/springframework/spring-core/5.2.6.RELEASE/spring-core-5.2.6.RELEASE.jar:/home/yqf/.m2/repository/org/springframework/spring-test/5.2.6.RELEASE/spring-test-5.2.6.RELEASE.jar:/home/yqf/.m2/repository/org/xmlunit/xmlunit-core/2.7.0/xmlunit-core-2.7.0.jar:/home/yqf/.m2/repository/org/apache/poi/poi-examples/3.10.1/poi-examples-3.10.1.jar:/home/yqf/.m2/repository/org/apache/poi/poi-scratchpad/3.10.1/poi-scratchpad-3.10.1.jar:/home/yqf/.m2/repository/org/apache/poi/poi-excelant/3.10.1/poi-excelant-3.10.1.jar:/home/yqf/.m2/repository/org/apache/ant/ant/1.8.2/ant-1.8.2.jar:/home/yqf/.m2/repository/org/apache/ant/ant-launcher/1.8.2/ant-launcher-1.8.2.jar:/home/yqf/.m2/repository/dom4j/dom4j/1.6.1/dom4j-1.6.1.jar:/home/yqf/.m2/repository/xml-apis/xml-apis/1.0.b2/xml-apis-1.0.b2.jar:"/>
    <property name="sun.cpu.endian" value="little"/>
    <property name="user.home" value="/home/yqf"/>
    <property name="user.language" value="zh"/>
    <property name="java.specification.vendor" value="Oracle Corporation"/>
    <property name="idea.version2019.2.2" value="true"/>
    <property name="java.home" value="/home/yqf/应用程序/jdk-8u241-linux-x64/jdk1.8.0_241/jre"/>
    <property name="basedir" value="/home/yqf/IdeaProjects/pdsu_electricity"/>
    <property name="file.separator" value="/"/>
    <property name="line.separator" value="&#10;"/>
    <property name="java.vm.specification.vendor" value="Oracle Corporation"/>
    <property name="java.specification.name" value="Java Platform API Specification"/>
    <property name="java.awt.graphicsenv" value="sun.awt.X11GraphicsEnvironment"/>
    <property name="surefire.real.class.path" value="/home/yqf/IdeaProjects/pdsu_electricity/target/surefire/surefirebooter5714822501419578150.jar"/>
    <property name="sun.boot.class.path" value="/home/yqf/应用程序/jdk-8u241-linux-x64/jdk1.8.0_241/jre/lib/resources.jar:/home/yqf/应用程序/jdk-8u241-linux-x64/jdk1.8.0_241/jre/lib/rt.jar:/home/yqf/应用程序/jdk-8u241-linux-x64/jdk1.8.0_241/jre/lib/sunrsasign.jar:/home/yqf/应用程序/jdk-8u241-linux-x64/jdk1.8.0_241/jre/lib/jsse.jar:/home/yqf/应用程序/jdk-8u241-linux-x64/jdk1.8.0_241/jre/lib/jce.jar:/home/yqf/应用程序/jdk-8u241-linux-x64/jdk1.8.0_241/jre/lib/charsets.jar:/home/yqf/应用程序/jdk-8u241-linux-x64/jdk1.8.0_241/jre/lib/jfr.jar:/home/yqf/应用程序/jdk-8u241-linux-x64/jdk1.8.0_241/jre/classes"/>
    <property name="sun.management.compiler" value="HotSpot 64-Bit Tiered Compilers"/>
    <property name="java.runtime.version" value="1.8.0_241-b07"/>
    <property name="user.name" value="yqf"/>
    <property name="path.separator" value=":"/>
    <property name="os.version" value="5.4.0-48-generic"/>
    <property name="java.endorsed.dirs" value="/home/yqf/应用程序/jdk-8u241-linux-x64/jdk1.8.0_241/jre/lib/endorsed"/>
    <property name="java.runtime.name" value="Java(TM) SE Runtime Environment"/>
    <property name="file.encoding" value="UTF-8"/>
    <property name="java.vm.name" value="Java HotSpot(TM) 64-Bit Server VM"/>
    <property name="localRepository" value="/home/yqf/.m2/repository"/>
    <property name="java.vendor.url.bug" value="http://bugreport.sun.com/bugreport/"/>
    <property name="java.io.tmpdir" value="/tmp"/>
    <property name="java.version" value="1.8.0_241"/>
    <property name="user.dir" value="/home/yqf/IdeaProjects/pdsu_electricity"/>
    <property name="os.arch" value="amd64"/>
    <property name="java.vm.specification.name" value="Java Virtual Machine Specification"/>
    <property name="java.awt.printerjob" value="sun.print.PSPrinterJob"/>
    <property name="sun.os.patch.level" value="unknown"/>
    <property name="java.library.path" value="/usr/java/packages/lib/amd64:/usr/lib64:/lib64:/lib:/usr/lib"/>
    <property name="java.vm.info" value="mixed mode"/>
    <property name="java.vendor" value="Oracle Corporation"/>
    <property name="java.vm.version" value="25.241-b07"/>
    <property name="java.ext.dirs" value="/home/yqf/应用程序/jdk-8u241-linux-x64/jdk1.8.0_241/jre/lib/ext:/usr/java/packages/lib/ext"/>
    <property name="sun.io.unicode.encoding" value="UnicodeLittle"/>
    <property name="java.class.version" value="52.0"/>
  </properties>
  <testcase name="findOneByIdCity" classname="com.tgroup.PdsuElectricityApplicationTests" time="0.612"/>
  <testcase name="findOneByIdFile" classname="com.tgroup.PdsuElectricityApplicationTests" time="0.007"/>
  <testcase name="findOneByIdTime" classname="com.tgroup.PdsuElectricityApplicationTests" time="0.006"/>
  <testcase name="findOneByUserNameAndPassword" classname="com.tgroup.PdsuElectricityApplicationTests" time="0.01"/>
  <testcase name="findOneByIdQuota" classname="com.tgroup.PdsuElectricityApplicationTests" time="0.006"/>
  <testcase name="deleteRecordCity" classname="com.tgroup.PdsuElectricityApplicationTests" time="0.009"/>
  <testcase name="deleteRecordFile" classname="com.tgroup.PdsuElectricityApplicationTests" time="0.006"/>
  <testcase name="deleteRecordTime" classname="com.tgroup.PdsuElectricityApplicationTests" time="0.005"/>
  <testcase name="deleteRecordUser" classname="com.tgroup.PdsuElectricityApplicationTests" time="0.004"/>
  <testcase name="addRecordModule" classname="com.tgroup.PdsuElectricityApplicationTests" time="0.036"/>
  <testcase name="updateRecordCity" classname="com.tgroup.PdsuElectricityApplicationTests" time="0.008"/>
  <testcase name="updateRecordFIle" classname="com.tgroup.PdsuElectricityApplicationTests" time="0.006"/>
  <testcase name="updateRecordTime" classname="com.tgroup.PdsuElectricityApplicationTests" time="0.005"/>
  <testcase name="updateRecordUser" classname="com.tgroup.PdsuElectricityApplicationTests" time="0.005"/>
  <testcase name="findOneById" classname="com.tgroup.PdsuElectricityApplicationTests" time="0.006"/>
  <testcase name="findAllQuotas" classname="com.tgroup.PdsuElectricityApplicationTests" time="0.04"/>
  <testcase name="findAllCity" classname="com.tgroup.PdsuElectricityApplicationTests" time="0.008"/>
  <testcase name="findAllFile" classname="com.tgroup.PdsuElectricityApplicationTests" time="0.007"/>
  <testcase name="findAllTime" classname="com.tgroup.PdsuElectricityApplicationTests" time="0.006"/>
  <testcase name="findAllUser" classname="com.tgroup.PdsuElectricityApplicationTests" time="0.016"/>
  <testcase name="findOneByIdModule" classname="com.tgroup.PdsuElectricityApplicationTests" time="0.013"/>
  <testcase name="updateRecordQuota" classname="com.tgroup.PdsuElectricityApplicationTests" time="0.013"/>
  <testcase name="deleteRecordModule" classname="com.tgroup.PdsuElectricityApplicationTests" time="0.006"/>
  <testcase name="updateRecordModule" classname="com.tgroup.PdsuElectricityApplicationTests" time="0.005"/>
  <testcase name="addRecordCity" classname="com.tgroup.PdsuElectricityApplicationTests" time="0.008"/>
  <testcase name="addRecordTime" classname="com.tgroup.PdsuElectricityApplicationTests" time="0.009"/>
  <testcase name="addRecordUser" classname="com.tgroup.PdsuElectricityApplicationTests" time="0.016"/>
  <testcase name="testFileOr" classname="com.tgroup.PdsuElectricityApplicationTests" time="0.039"/>
  <testcase name="deleteRecordQuota" classname="com.tgroup.PdsuElectricityApplicationTests" time="0.005"/>
  <testcase name="addRecordQuota" classname="com.tgroup.PdsuElectricityApplicationTests" time="0.008"/>
  <testcase name="findAllMould" classname="com.tgroup.PdsuElectricityApplicationTests" time="0.008"/>
  <testcase name="findAllQuota" classname="com.tgroup.PdsuElectricityApplicationTests" time="0.021"/>
  <testcase name="testTimeService" classname="com.tgroup.PdsuElectricityApplicationTests" time="0.338"/>
</testsuite>